#
# There is insufficient memory for the Java Runtime Environment to continue.
# Native memory allocation (malloc) failed to allocate 1383904 bytes. Error detail: Chunk::new
# Possible reasons:
#   The system is out of physical RAM or swap space
#   This process is running with CompressedOops enabled, and the Java Heap may be blocking the growth of the native heap
# Possible solutions:
#   Reduce memory load on the system
#   Increase physical memory or swap space
#   Check if swap backing store is full
#   Decrease Java heap size (-Xmx/-Xms)
#   Decrease number of Java threads
#   Decrease Java thread stack sizes (-Xss)
#   Set larger code cache with -XX:ReservedCodeCacheSize=
#   JVM is running with Unscaled Compressed Oops mode in which the Java heap is
#     placed in the first 4GB address space. The Java Heap base address is the
#     maximum limit for the native heap growth. Please use -XX:HeapBaseMinAddress
#     to set the Java Heap base and to place the Java Heap above 4GB virtual address.
# This output file may be truncated or incomplete.
#
#  Out of Memory Error (arena.cpp:168), pid=27392, tid=18416
#
# JRE version: OpenJDK Runtime Environment (21.0.7) (build 21.0.7+-13880790-b1038.58)
# Java VM: OpenJDK 64-Bit Server VM (21.0.7+-13880790-b1038.58, mixed mode, tiered, compressed oops, compressed class ptrs, g1 gc, windows-amd64)
# No core dump will be written. Minidumps are not enabled by default on client versions of Windows
#

---------------  S U M M A R Y ------------

Command Line: --add-opens=java.base/java.lang=ALL-UNNAMED --add-opens=java.base/java.lang.invoke=ALL-UNNAMED --add-opens=java.base/java.util=ALL-UNNAMED --add-opens=java.prefs/java.util.prefs=ALL-UNNAMED --add-exports=jdk.compiler/com.sun.tools.javac.api=ALL-UNNAMED --add-exports=jdk.compiler/com.sun.tools.javac.util=ALL-UNNAMED --add-opens=java.base/java.util=ALL-UNNAMED --add-opens=java.prefs/java.util.prefs=ALL-UNNAMED --add-opens=java.base/java.nio.charset=ALL-UNNAMED --add-opens=java.base/java.net=ALL-UNNAMED --add-opens=java.base/java.util.concurrent.atomic=ALL-UNNAMED --add-opens=java.xml/javax.xml.namespace=ALL-UNNAMED -Xmx2048m -Dfile.encoding=UTF-8 -Duser.country=GB -Duser.language=en -Duser.variant -javaagent:C:\Users\Khanh An\.gradle\wrapper\dists\gradle-8.13-bin\5xuhj0ry160q40clulazy9h7d\gradle-8.13\lib\agents\gradle-instrumentation-agent-8.13.jar org.gradle.launcher.daemon.bootstrap.GradleDaemon 8.13

Host: 12th Gen Intel(R) Core(TM) i5-1240P, 16 cores, 19G,  Windows 11 , 64 bit Build 26100 (10.0.26100.7920)
Time: Thu Apr  2 14:20:28 2026 SE Asia Standard Time elapsed time: 13.302280 seconds (0d 0h 0m 13s)

---------------  T H R E A D  ---------------

Current thread (0x00000134583fdb10):  JavaThread "C2 CompilerThread0" daemon [_thread_in_native, id=18416, stack(0x0000000d86d00000,0x0000000d86e00000) (1024K)]


Current CompileTask:
C2:13302 6068       4       java.lang.invoke.InvokerBytecodeGenerator::addMethod (725 bytes)

Stack: [0x0000000d86d00000,0x0000000d86e00000]
Native frames: (J=compiled Java code, j=interpreted, Vv=VM code, C=native code)
V  [jvm.dll+0x6d25c9]
V  [jvm.dll+0x860923]
V  [jvm.dll+0x862e7e]
V  [jvm.dll+0x863563]
V  [jvm.dll+0x27f156]
V  [jvm.dll+0xc002d]
V  [jvm.dll+0xc0563]
V  [jvm.dll+0x3b6d3b]
V  [jvm.dll+0x382c27]
V  [jvm.dll+0x38209a]
V  [jvm.dll+0x247e72]
V  [jvm.dll+0x247441]
V  [jvm.dll+0x1c5fb4]
V  [jvm.dll+0x256bac]
V  [jvm.dll+0x2550f6]
V  [jvm.dll+0x3f1d16]
V  [jvm.dll+0x808d08]
V  [jvm.dll+0x6d0e1d]
C  [ucrtbase.dll+0x37b0]
C  [KERNEL32.DLL+0x2e8d7]
C  [ntdll.dll+0x8c48c]


---------------  P R O C E S S  ---------------

Threads class SMR info:
_java_thread_list=0x0000013462258ac0, length=56, elements={
0x000001344009e7f0, 0x00000134583aa230, 0x00000134583d4df0, 0x00000134583d5850,
0x00000134583f0aa0, 0x00000134583f9670, 0x00000134583fac40, 0x00000134583fc210,
0x00000134583fdb10, 0x0000013458401ca0, 0x000001345858aa70, 0x0000013458208da0,
0x00000134587e9720, 0x000001345e160f00, 0x000001345e7af0f0, 0x000001345e6e3e70,
0x000001345e99b3a0, 0x000001345e99d440, 0x000001345e9b35a0, 0x000001345e9ab2c0,
0x000001345e9f62c0, 0x000001345e9f5c30, 0x000001345e9f8390, 0x000001345e9f6950,
0x000001345e9f55a0, 0x000001345e9f6fe0, 0x000001345e9f7d00, 0x000001345e9f8a20,
0x000001346124d100, 0x000001346124d790, 0x000001346124eb40, 0x000001346124de20,
0x000001346124f1d0, 0x000001346124f860, 0x000001346124c3e0, 0x000001346124fef0,
0x000001346124ca70, 0x00000134612512a0, 0x0000013461252650, 0x0000013461250580,
0x0000013461250c10, 0x0000013461251930, 0x0000013461251fc0, 0x0000013461252ce0,
0x0000013461253370, 0x00000134587c0350, 0x000001345886c2d0, 0x000001345886a200,
0x000001345886cff0, 0x000001345886b5b0, 0x000001345886bc40, 0x000001345886d680,
0x000001345886c960, 0x000001345886dd10, 0x000001345886af20, 0x0000013460c05130
}

Java Threads: ( => current thread )
  0x000001344009e7f0 JavaThread "main"                              [_thread_blocked, id=28004, stack(0x0000000d85e00000,0x0000000d85f00000) (1024K)]
  0x00000134583aa230 JavaThread "Common-Cleaner"             daemon [_thread_blocked, id=27776, stack(0x0000000d86600000,0x0000000d86700000) (1024K)]
  0x00000134583d4df0 JavaThread "Reference Handler"          daemon [_thread_blocked, id=27772, stack(0x0000000d86700000,0x0000000d86800000) (1024K)]
  0x00000134583d5850 JavaThread "Finalizer"                  daemon [_thread_blocked, id=30260, stack(0x0000000d86800000,0x0000000d86900000) (1024K)]
  0x00000134583f0aa0 JavaThread "Signal Dispatcher"          daemon [_thread_blocked, id=27844, stack(0x0000000d86900000,0x0000000d86a00000) (1024K)]
  0x00000134583f9670 JavaThread "Attach Listener"            daemon [_thread_blocked, id=30936, stack(0x0000000d86a00000,0x0000000d86b00000) (1024K)]
  0x00000134583fac40 JavaThread "Service Thread"             daemon [_thread_blocked, id=7584, stack(0x0000000d86b00000,0x0000000d86c00000) (1024K)]
  0x00000134583fc210 JavaThread "Monitor Deflation Thread"   daemon [_thread_blocked, id=19520, stack(0x0000000d86c00000,0x0000000d86d00000) (1024K)]
=>0x00000134583fdb10 JavaThread "C2 CompilerThread0"         daemon [_thread_in_native, id=18416, stack(0x0000000d86d00000,0x0000000d86e00000) (1024K)]
  0x0000013458401ca0 JavaThread "C1 CompilerThread0"         daemon [_thread_blocked, id=28860, stack(0x0000000d86e00000,0x0000000d86f00000) (1024K)]
  0x000001345858aa70 JavaThread "C1 CompilerThread1"         daemon [_thread_blocked, id=31012, stack(0x0000000d86f00000,0x0000000d87000000) (1024K)]
  0x0000013458208da0 JavaThread "C1 CompilerThread2"         daemon [_thread_blocked, id=29008, stack(0x0000000d87000000,0x0000000d87100000) (1024K)]
  0x00000134587e9720 JavaThread "Notification Thread"        daemon [_thread_blocked, id=29024, stack(0x0000000d87100000,0x0000000d87200000) (1024K)]
  0x000001345e160f00 JavaThread "Daemon health stats"               [_thread_blocked, id=24912, stack(0x0000000d87400000,0x0000000d87500000) (1024K)]
  0x000001345e7af0f0 JavaThread "Incoming local TCP Connector on port 59428"        [_thread_in_native, id=25908, stack(0x0000000d87c00000,0x0000000d87d00000) (1024K)]
  0x000001345e6e3e70 JavaThread "Daemon periodic checks"            [_thread_blocked, id=28236, stack(0x0000000d88100000,0x0000000d88200000) (1024K)]
  0x000001345e99b3a0 JavaThread "Daemon"                            [_thread_blocked, id=31652, stack(0x0000000d88200000,0x0000000d88300000) (1024K)]
  0x000001345e99d440 JavaThread "Handler for socket connection from /127.0.0.1:59428 to /127.0.0.1:59430"        [_thread_in_native, id=10360, stack(0x0000000d88300000,0x0000000d88400000) (1024K)]
  0x000001345e9b35a0 JavaThread "Cancel handler"                    [_thread_blocked, id=28848, stack(0x0000000d88400000,0x0000000d88500000) (1024K)]
  0x000001345e9ab2c0 JavaThread "Daemon worker"                     [_thread_in_vm, id=27076, stack(0x0000000d88500000,0x0000000d88600000) (1024K)]
  0x000001345e9f62c0 JavaThread "Asynchronous log dispatcher for DefaultDaemonConnection: socket connection from /127.0.0.1:59428 to /127.0.0.1:59430"        [_thread_blocked, id=17852, stack(0x0000000d88600000,0x0000000d88700000) (1024K)]
  0x000001345e9f5c30 JavaThread "Stdin handler"                     [_thread_blocked, id=28856, stack(0x0000000d88700000,0x0000000d88800000) (1024K)]
  0x000001345e9f8390 JavaThread "Daemon client event forwarder"        [_thread_blocked, id=28852, stack(0x0000000d88800000,0x0000000d88900000) (1024K)]
  0x000001345e9f6950 JavaThread "Cache worker for journal cache (C:\Users\Khanh An\.gradle\caches\journal-1)"        [_thread_blocked, id=18392, stack(0x0000000d88c00000,0x0000000d88d00000) (1024K)]
  0x000001345e9f55a0 JavaThread "File lock request listener"        [_thread_in_native, id=23900, stack(0x0000000d88b00000,0x0000000d88c00000) (1024K)]
  0x000001345e9f6fe0 JavaThread "Cache worker for file hash cache (C:\Users\Khanh An\.gradle\caches\8.13\fileHashes)"        [_thread_blocked, id=29248, stack(0x0000000d88d00000,0x0000000d88e00000) (1024K)]
  0x000001345e9f7d00 JavaThread "Cache worker for file hash cache (D:\ProjectNhanDienTaiXeNguGuc\.gradle\8.13\fileHashes)"        [_thread_blocked, id=28384, stack(0x0000000d88f00000,0x0000000d89000000) (1024K)]
  0x000001345e9f8a20 JavaThread "Cache worker for Build Output Cleanup Cache (D:\ProjectNhanDienTaiXeNguGuc\.gradle\buildOutputCleanup)"        [_thread_blocked, id=11708, stack(0x0000000d89000000,0x0000000d89100000) (1024K)]
  0x000001346124d100 JavaThread "File watcher server"        daemon [_thread_in_native, id=30380, stack(0x0000000d89100000,0x0000000d89200000) (1024K)]
  0x000001346124d790 JavaThread "File watcher consumer"      daemon [_thread_blocked, id=29700, stack(0x0000000d89200000,0x0000000d89300000) (1024K)]
  0x000001346124eb40 JavaThread "jar transforms"                    [_thread_blocked, id=31412, stack(0x0000000d88e00000,0x0000000d88f00000) (1024K)]
  0x000001346124de20 JavaThread "jar transforms Thread 2"           [_thread_blocked, id=29428, stack(0x0000000d89400000,0x0000000d89500000) (1024K)]
  0x000001346124f1d0 JavaThread "Cache worker for checksums cache (D:\ProjectNhanDienTaiXeNguGuc\.gradle\8.13\checksums)"        [_thread_blocked, id=30156, stack(0x0000000d89600000,0x0000000d89700000) (1024K)]
  0x000001346124f860 JavaThread "Cache worker for file content cache (C:\Users\Khanh An\.gradle\caches\8.13\fileContent)"        [_thread_blocked, id=28376, stack(0x0000000d89700000,0x0000000d89800000) (1024K)]
  0x000001346124c3e0 JavaThread "jar transforms Thread 3"           [_thread_blocked, id=6056, stack(0x0000000d89500000,0x0000000d89600000) (1024K)]
  0x000001346124fef0 JavaThread "Cache worker for cache directory md-supplier (C:\Users\Khanh An\.gradle\caches\8.13\md-supplier)"        [_thread_blocked, id=29184, stack(0x0000000d89900000,0x0000000d89a00000) (1024K)]
  0x000001346124ca70 JavaThread "Cache worker for cache directory md-rule (C:\Users\Khanh An\.gradle\caches\8.13\md-rule)"        [_thread_blocked, id=31408, stack(0x0000000d89a00000,0x0000000d89b00000) (1024K)]
  0x00000134612512a0 JavaThread "Unconstrained build operations"        [_thread_blocked, id=5368, stack(0x0000000d89300000,0x0000000d89400000) (1024K)]
  0x0000013461252650 JavaThread "Unconstrained build operations Thread 2"        [_thread_blocked, id=4036, stack(0x0000000d89800000,0x0000000d89900000) (1024K)]
  0x0000013461250580 JavaThread "Unconstrained build operations Thread 3"        [_thread_blocked, id=12864, stack(0x0000000d89b00000,0x0000000d89c00000) (1024K)]
  0x0000013461250c10 JavaThread "Unconstrained build operations Thread 4"        [_thread_blocked, id=29720, stack(0x0000000d89c00000,0x0000000d89d00000) (1024K)]
  0x0000013461251930 JavaThread "Unconstrained build operations Thread 5"        [_thread_blocked, id=31088, stack(0x0000000d89d00000,0x0000000d89e00000) (1024K)]
  0x0000013461251fc0 JavaThread "Unconstrained build operations Thread 6"        [_thread_blocked, id=16708, stack(0x0000000d89e00000,0x0000000d89f00000) (1024K)]
  0x0000013461252ce0 JavaThread "Unconstrained build operations Thread 7"        [_thread_blocked, id=2420, stack(0x0000000d89f00000,0x0000000d8a000000) (1024K)]
  0x0000013461253370 JavaThread "Unconstrained build operations Thread 8"        [_thread_blocked, id=29480, stack(0x0000000d8a000000,0x0000000d8a100000) (1024K)]
  0x00000134587c0350 JavaThread "C2 CompilerThread1"         daemon [_thread_in_native, id=30336, stack(0x0000000d8a100000,0x0000000d8a200000) (1024K)]
  0x000001345886c2d0 JavaThread "jar transforms Thread 4"           [_thread_blocked, id=7000, stack(0x0000000d8a300000,0x0000000d8a400000) (1024K)]
  0x000001345886a200 JavaThread "jar transforms Thread 5"           [_thread_blocked, id=30200, stack(0x0000000d8a400000,0x0000000d8a500000) (1024K)]
  0x000001345886cff0 JavaThread "Unconstrained build operations Thread 9"        [_thread_blocked, id=27660, stack(0x0000000d8a500000,0x0000000d8a600000) (1024K)]
  0x000001345886b5b0 JavaThread "Unconstrained build operations Thread 10"        [_thread_blocked, id=30748, stack(0x0000000d8a600000,0x0000000d8a700000) (1024K)]
  0x000001345886bc40 JavaThread "Unconstrained build operations Thread 11"        [_thread_blocked, id=20644, stack(0x0000000d8a700000,0x0000000d8a800000) (1024K)]
  0x000001345886d680 JavaThread "Unconstrained build operations Thread 12"        [_thread_blocked, id=19876, stack(0x0000000d8a800000,0x0000000d8a900000) (1024K)]
  0x000001345886c960 JavaThread "jar transforms Thread 6"           [_thread_blocked, id=30896, stack(0x0000000d8a900000,0x0000000d8aa00000) (1024K)]
  0x000001345886dd10 JavaThread "jar transforms Thread 7"           [_thread_blocked, id=30876, stack(0x0000000d8aa00000,0x0000000d8ab00000) (1024K)]
  0x000001345886af20 JavaThread "jar transforms Thread 8"           [_thread_blocked, id=23452, stack(0x0000000d8ab00000,0x0000000d8ac00000) (1024K)]
  0x0000013460c05130 JavaThread "C2 CompilerThread2"         daemon [_thread_in_native, id=7684, stack(0x0000000d8a200000,0x0000000d8a300000) (1024K)]
Total: 56

Other Threads:
  0x000001345823cbd0 VMThread "VM Thread"                           [id=30604, stack(0x0000000d86500000,0x0000000d86600000) (1024K)]
  0x00000134582c10a0 WatcherThread "VM Periodic Task Thread"        [id=31656, stack(0x0000000d86400000,0x0000000d86500000) (1024K)]
  0x00000134400f7b70 WorkerThread "GC Thread#0"                     [id=15984, stack(0x0000000d85f00000,0x0000000d86000000) (1024K)]
  0x000001345891d670 WorkerThread "GC Thread#1"                     [id=30420, stack(0x0000000d87500000,0x0000000d87600000) (1024K)]
  0x000001345891da10 WorkerThread "GC Thread#2"                     [id=7668, stack(0x0000000d87600000,0x0000000d87700000) (1024K)]
  0x000001345891ddb0 WorkerThread "GC Thread#3"                     [id=27852, stack(0x0000000d87700000,0x0000000d87800000) (1024K)]
  0x00000134588ebb30 WorkerThread "GC Thread#4"                     [id=28524, stack(0x0000000d87800000,0x0000000d87900000) (1024K)]
  0x00000134588ebed0 WorkerThread "GC Thread#5"                     [id=26888, stack(0x0000000d87900000,0x0000000d87a00000) (1024K)]
  0x00000134589c3760 WorkerThread "GC Thread#6"                     [id=15600, stack(0x0000000d87a00000,0x0000000d87b00000) (1024K)]
  0x000001345e7979e0 WorkerThread "GC Thread#7"                     [id=13556, stack(0x0000000d87d00000,0x0000000d87e00000) (1024K)]
  0x000001345e797d80 WorkerThread "GC Thread#8"                     [id=20476, stack(0x0000000d87e00000,0x0000000d87f00000) (1024K)]
  0x000001345e798120 WorkerThread "GC Thread#9"                     [id=19420, stack(0x0000000d87f00000,0x0000000d88000000) (1024K)]
  0x000001345e799390 WorkerThread "GC Thread#10"                    [id=29016, stack(0x0000000d88000000,0x0000000d88100000) (1024K)]
  0x000001345e799e70 WorkerThread "GC Thread#11"                    [id=30404, stack(0x0000000d87200000,0x0000000d87300000) (1024K)]
  0x000001345e798c50 WorkerThread "GC Thread#12"                    [id=28828, stack(0x0000000d87300000,0x0000000d87400000) (1024K)]
  0x0000013440108a60 ConcurrentGCThread "G1 Main Marker"            [id=30540, stack(0x0000000d86000000,0x0000000d86100000) (1024K)]
  0x000001344010a2b0 WorkerThread "G1 Conc#0"                       [id=28592, stack(0x0000000d86100000,0x0000000d86200000) (1024K)]
  0x000001345e799730 WorkerThread "G1 Conc#1"                       [id=28824, stack(0x0000000d88900000,0x0000000d88a00000) (1024K)]
  0x000001345e7988b0 WorkerThread "G1 Conc#2"                       [id=15488, stack(0x0000000d88a00000,0x0000000d88b00000) (1024K)]
  0x00000134581557a0 ConcurrentGCThread "G1 Refine#0"               [id=20092, stack(0x0000000d86200000,0x0000000d86300000) (1024K)]
  0x00000134581580e0 ConcurrentGCThread "G1 Service"                [id=9776, stack(0x0000000d86300000,0x0000000d86400000) (1024K)]
Total: 21

Threads with active compile tasks:
C2 CompilerThread0  13389 6068       4       java.lang.invoke.InvokerBytecodeGenerator::addMethod (725 bytes)
C2 CompilerThread1  13389 6095       4       java.util.jar.JarFile::getVersionedEntry (133 bytes)
C2 CompilerThread2  13389 6058   !   4       sun.reflect.annotation.AnnotationParser::parseAnnotations (37 bytes)
Total: 3

VM state: not at safepoint (normal execution)

VM Mutex/Monitor currently owned by a thread: None

Heap address: 0x0000000080000000, size: 2048 MB, Compressed Oops mode: 32-bit

CDS archive(s) not mapped
Compressed class space mapped at: 0x0000000100000000-0x0000000140000000, reserved size: 1073741824
Narrow klass base: 0x0000000000000000, Narrow klass shift: 3, Narrow klass range: 0x140000000

GC Precious Log:
 CardTable entry size: 512
 Card Set container configuration: InlinePtr #cards 5 size 8 Array Of Cards #cards 12 size 40 Howl #buckets 4 coarsen threshold 1843 Howl Bitmap #cards 512 size 80 coarsen threshold 460 Card regions per heap region 1 cards per card region 2048
 CPUs: 16 total, 16 available
 Memory: 20148M
 Large Page Support: Disabled
 NUMA Support: Disabled
 Compressed Oops: Enabled (32-bit)
 Heap Region Size: 1M
 Heap Min Capacity: 8M
 Heap Initial Capacity: 316M
 Heap Max Capacity: 2G
 Pre-touch: Disabled
 Parallel Workers: 13
 Concurrent Workers: 3
 Concurrent Refinement Workers: 13
 Periodic GC: Disabled

Heap:
 garbage-first heap   total 87040K, used 50731K [0x0000000080000000, 0x0000000100000000)
  region size 1024K, 11 young (11264K), 2 survivors (2048K)
 Metaspace       used 59736K, committed 61248K, reserved 1114112K
  class space    used 8150K, committed 8896K, reserved 1048576K

Heap Regions: E=young(eden), S=young(survivor), O=old, HS=humongous(starts), HC=humongous(continues), CS=collection set, F=free, TAMS=top-at-mark-start, PB=parsable bottom
|   0|0x0000000080000000, 0x0000000080100000, 0x0000000080100000|100%|HS|  |TAMS 0x0000000080000000| PB 0x0000000080000000| Complete 
|   1|0x0000000080100000, 0x0000000080200000, 0x0000000080200000|100%|HC|  |TAMS 0x0000000080100000| PB 0x0000000080100000| Complete 
|   2|0x0000000080200000, 0x0000000080300000, 0x0000000080300000|100%|HC|  |TAMS 0x0000000080200000| PB 0x0000000080200000| Complete 
|   3|0x0000000080300000, 0x0000000080400000, 0x0000000080400000|100%| O|  |TAMS 0x0000000080300000| PB 0x0000000080300000| Untracked 
|   4|0x0000000080400000, 0x0000000080500000, 0x0000000080500000|100%| O|  |TAMS 0x0000000080400000| PB 0x0000000080400000| Untracked 
|   5|0x0000000080500000, 0x0000000080600000, 0x0000000080600000|100%| O|  |TAMS 0x0000000080500000| PB 0x0000000080500000| Untracked 
|   6|0x0000000080600000, 0x0000000080700000, 0x0000000080700000|100%|HS|  |TAMS 0x0000000080600000| PB 0x0000000080600000| Complete 
|   7|0x0000000080700000, 0x0000000080800000, 0x0000000080800000|100%| O|  |TAMS 0x0000000080700000| PB 0x0000000080700000| Untracked 
|   8|0x0000000080800000, 0x0000000080900000, 0x0000000080900000|100%| O|  |TAMS 0x0000000080800000| PB 0x0000000080800000| Untracked 
|   9|0x0000000080900000, 0x0000000080a00000, 0x0000000080a00000|100%| O|  |TAMS 0x0000000080900000| PB 0x0000000080900000| Untracked 
|  10|0x0000000080a00000, 0x0000000080b00000, 0x0000000080b00000|100%| O|  |TAMS 0x0000000080a00000| PB 0x0000000080a00000| Untracked 
|  11|0x0000000080b00000, 0x0000000080c00000, 0x0000000080c00000|100%| O|  |TAMS 0x0000000080b00000| PB 0x0000000080b00000| Untracked 
|  12|0x0000000080c00000, 0x0000000080d00000, 0x0000000080d00000|100%| O|  |TAMS 0x0000000080c00000| PB 0x0000000080c00000| Untracked 
|  13|0x0000000080d00000, 0x0000000080e00000, 0x0000000080e00000|100%| O|  |TAMS 0x0000000080d00000| PB 0x0000000080d00000| Untracked 
|  14|0x0000000080e00000, 0x0000000080f00000, 0x0000000080f00000|100%| O|  |TAMS 0x0000000080e00000| PB 0x0000000080e00000| Untracked 
|  15|0x0000000080f00000, 0x0000000081000000, 0x0000000081000000|100%| O|  |TAMS 0x0000000080f00000| PB 0x0000000080f00000| Untracked 
|  16|0x0000000081000000, 0x0000000081100000, 0x0000000081100000|100%| O|  |TAMS 0x0000000081000000| PB 0x0000000081000000| Untracked 
|  17|0x0000000081100000, 0x0000000081200000, 0x0000000081200000|100%| O|  |TAMS 0x0000000081100000| PB 0x0000000081100000| Untracked 
|  18|0x0000000081200000, 0x0000000081300000, 0x0000000081300000|100%| O|  |TAMS 0x0000000081200000| PB 0x0000000081200000| Untracked 
|  19|0x0000000081300000, 0x0000000081400000, 0x0000000081400000|100%| O|  |TAMS 0x0000000081300000| PB 0x0000000081300000| Untracked 
|  20|0x0000000081400000, 0x0000000081500000, 0x0000000081500000|100%| O|  |TAMS 0x0000000081400000| PB 0x0000000081400000| Untracked 
|  21|0x0000000081500000, 0x0000000081600000, 0x0000000081600000|100%| O|Cm|TAMS 0x0000000081500000| PB 0x0000000081500000| Complete 
|  22|0x0000000081600000, 0x0000000081700000, 0x0000000081700000|100%| O|Cm|TAMS 0x0000000081600000| PB 0x0000000081600000| Complete 
|  23|0x0000000081700000, 0x0000000081800000, 0x0000000081800000|100%| O|  |TAMS 0x0000000081700000| PB 0x0000000081700000| Untracked 
|  24|0x0000000081800000, 0x0000000081900000, 0x0000000081900000|100%| O|  |TAMS 0x0000000081800000| PB 0x0000000081800000| Untracked 
|  25|0x0000000081900000, 0x0000000081a00000, 0x0000000081a00000|100%| O|  |TAMS 0x0000000081900000| PB 0x0000000081900000| Untracked 
|  26|0x0000000081a00000, 0x0000000081b00000, 0x0000000081b00000|100%| O|  |TAMS 0x0000000081a00000| PB 0x0000000081a00000| Untracked 
|  27|0x0000000081b00000, 0x0000000081b00000, 0x0000000081c00000|  0%| F|  |TAMS 0x0000000081b00000| PB 0x0000000081b00000| Untracked 
|  28|0x0000000081c00000, 0x0000000081d00000, 0x0000000081d00000|100%| O|  |TAMS 0x0000000081c00000| PB 0x0000000081c00000| Untracked 
|  29|0x0000000081d00000, 0x0000000081e00000, 0x0000000081e00000|100%| O|  |TAMS 0x0000000081d00000| PB 0x0000000081d00000| Untracked 
|  30|0x0000000081e00000, 0x0000000081f00000, 0x0000000081f00000|100%| O|  |TAMS 0x0000000081e00000| PB 0x0000000081e00000| Untracked 
|  31|0x0000000081f00000, 0x0000000081f00000, 0x0000000082000000|  0%| F|  |TAMS 0x0000000081f00000| PB 0x0000000081f00000| Untracked 
|  32|0x0000000082000000, 0x0000000082100000, 0x0000000082100000|100%| O|  |TAMS 0x0000000082000000| PB 0x0000000082000000| Untracked 
|  33|0x0000000082100000, 0x0000000082200000, 0x0000000082200000|100%| O|  |TAMS 0x0000000082100000| PB 0x0000000082100000| Untracked 
|  34|0x0000000082200000, 0x0000000082200000, 0x0000000082300000|  0%| F|  |TAMS 0x0000000082200000| PB 0x0000000082200000| Untracked 
|  35|0x0000000082300000, 0x0000000082400000, 0x0000000082400000|100%| O|  |TAMS 0x0000000082300000| PB 0x0000000082300000| Untracked 
|  36|0x0000000082400000, 0x0000000082500000, 0x0000000082500000|100%| O|  |TAMS 0x0000000082400000| PB 0x0000000082400000| Untracked 
|  37|0x0000000082500000, 0x0000000082600000, 0x0000000082600000|100%| O|  |TAMS 0x0000000082500000| PB 0x0000000082500000| Untracked 
|  38|0x0000000082600000, 0x0000000082700000, 0x0000000082700000|100%| O|  |TAMS 0x0000000082600000| PB 0x0000000082600000| Untracked 
|  39|0x0000000082700000, 0x0000000082800000, 0x0000000082800000|100%| O|  |TAMS 0x0000000082700000| PB 0x0000000082700000| Untracked 
|  40|0x0000000082800000, 0x0000000082800000, 0x0000000082900000|  0%| F|  |TAMS 0x0000000082800000| PB 0x0000000082800000| Untracked 
|  41|0x0000000082900000, 0x0000000082900000, 0x0000000082a00000|  0%| F|  |TAMS 0x0000000082900000| PB 0x0000000082900000| Untracked 
|  42|0x0000000082a00000, 0x0000000082a00000, 0x0000000082b00000|  0%| F|  |TAMS 0x0000000082a00000| PB 0x0000000082a00000| Untracked 
|  43|0x0000000082b00000, 0x0000000082c00000, 0x0000000082c00000|100%| O|  |TAMS 0x0000000082b00000| PB 0x0000000082b00000| Untracked 
|  44|0x0000000082c00000, 0x0000000082c00000, 0x0000000082d00000|  0%| F|  |TAMS 0x0000000082c00000| PB 0x0000000082c00000| Untracked 
|  45|0x0000000082d00000, 0x0000000082d00000, 0x0000000082e00000|  0%| F|  |TAMS 0x0000000082d00000| PB 0x0000000082d00000| Untracked 
|  46|0x0000000082e00000, 0x0000000082e94ea8, 0x0000000082f00000| 58%| O|  |TAMS 0x0000000082e00000| PB 0x0000000082e00000| Untracked 
|  47|0x0000000082f00000, 0x0000000082f00000, 0x0000000083000000|  0%| F|  |TAMS 0x0000000082f00000| PB 0x0000000082f00000| Untracked 
|  48|0x0000000083000000, 0x0000000083000000, 0x0000000083100000|  0%| F|  |TAMS 0x0000000083000000| PB 0x0000000083000000| Untracked 
|  49|0x0000000083100000, 0x0000000083100000, 0x0000000083200000|  0%| F|  |TAMS 0x0000000083100000| PB 0x0000000083100000| Untracked 
|  50|0x0000000083200000, 0x0000000083200000, 0x0000000083300000|  0%| F|  |TAMS 0x0000000083200000| PB 0x0000000083200000| Untracked 
|  51|0x0000000083300000, 0x0000000083300000, 0x0000000083400000|  0%| F|  |TAMS 0x0000000083300000| PB 0x0000000083300000| Untracked 
|  52|0x0000000083400000, 0x0000000083400000, 0x0000000083500000|  0%| F|  |TAMS 0x0000000083400000| PB 0x0000000083400000| Untracked 
|  53|0x0000000083500000, 0x0000000083500000, 0x0000000083600000|  0%| F|  |TAMS 0x0000000083500000| PB 0x0000000083500000| Untracked 
|  54|0x0000000083600000, 0x0000000083600000, 0x0000000083700000|  0%| F|  |TAMS 0x0000000083600000| PB 0x0000000083600000| Untracked 
|  55|0x0000000083700000, 0x0000000083700000, 0x0000000083800000|  0%| F|  |TAMS 0x0000000083700000| PB 0x0000000083700000| Untracked 
|  56|0x0000000083800000, 0x0000000083800000, 0x0000000083900000|  0%| F|  |TAMS 0x0000000083800000| PB 0x0000000083800000| Untracked 
|  57|0x0000000083900000, 0x0000000083900000, 0x0000000083a00000|  0%| F|  |TAMS 0x0000000083900000| PB 0x0000000083900000| Untracked 
|  58|0x0000000083a00000, 0x0000000083a00000, 0x0000000083b00000|  0%| F|  |TAMS 0x0000000083a00000| PB 0x0000000083a00000| Untracked 
|  59|0x0000000083b00000, 0x0000000083b00000, 0x0000000083c00000|  0%| F|  |TAMS 0x0000000083b00000| PB 0x0000000083b00000| Untracked 
|  60|0x0000000083c00000, 0x0000000083c00000, 0x0000000083d00000|  0%| F|  |TAMS 0x0000000083c00000| PB 0x0000000083c00000| Untracked 
|  61|0x0000000083d00000, 0x0000000083d00000, 0x0000000083e00000|  0%| F|  |TAMS 0x0000000083d00000| PB 0x0000000083d00000| Untracked 
|  62|0x0000000083e00000, 0x0000000083e00000, 0x0000000083f00000|  0%| F|  |TAMS 0x0000000083e00000| PB 0x0000000083e00000| Untracked 
|  63|0x0000000083f00000, 0x0000000083f00000, 0x0000000084000000|  0%| F|  |TAMS 0x0000000083f00000| PB 0x0000000083f00000| Untracked 
|  64|0x0000000084000000, 0x0000000084000000, 0x0000000084100000|  0%| F|  |TAMS 0x0000000084000000| PB 0x0000000084000000| Untracked 
|  65|0x0000000084100000, 0x0000000084100000, 0x0000000084200000|  0%| F|  |TAMS 0x0000000084100000| PB 0x0000000084100000| Untracked 
|  66|0x0000000084200000, 0x0000000084200000, 0x0000000084300000|  0%| F|  |TAMS 0x0000000084200000| PB 0x0000000084200000| Untracked 
|  67|0x0000000084300000, 0x0000000084300000, 0x0000000084400000|  0%| F|  |TAMS 0x0000000084300000| PB 0x0000000084300000| Untracked 
|  68|0x0000000084400000, 0x0000000084400000, 0x0000000084500000|  0%| F|  |TAMS 0x0000000084400000| PB 0x0000000084400000| Untracked 
|  69|0x0000000084500000, 0x0000000084500000, 0x0000000084600000|  0%| F|  |TAMS 0x0000000084500000| PB 0x0000000084500000| Untracked 
|  70|0x0000000084600000, 0x0000000084600000, 0x0000000084700000|  0%| F|  |TAMS 0x0000000084600000| PB 0x0000000084600000| Untracked 
|  71|0x0000000084700000, 0x0000000084700000, 0x0000000084800000|  0%| F|  |TAMS 0x0000000084700000| PB 0x0000000084700000| Untracked 
| 291|0x0000000092300000, 0x0000000092300000, 0x0000000092400000|  0%| F|  |TAMS 0x0000000092300000| PB 0x0000000092300000| Untracked 
| 292|0x0000000092400000, 0x00000000924f5f40, 0x0000000092500000| 96%| S|CS|TAMS 0x0000000092400000| PB 0x0000000092400000| Complete 
| 293|0x0000000092500000, 0x0000000092600000, 0x0000000092600000|100%| S|CS|TAMS 0x0000000092500000| PB 0x0000000092500000| Complete 
| 294|0x0000000092600000, 0x0000000092700000, 0x0000000092700000|100%| E|  |TAMS 0x0000000092600000| PB 0x0000000092600000| Complete 
| 295|0x0000000092700000, 0x0000000092800000, 0x0000000092800000|100%| E|CS|TAMS 0x0000000092700000| PB 0x0000000092700000| Complete 
| 296|0x0000000092800000, 0x0000000092900000, 0x0000000092900000|100%| E|CS|TAMS 0x0000000092800000| PB 0x0000000092800000| Complete 
| 297|0x0000000092900000, 0x0000000092a00000, 0x0000000092a00000|100%| E|CS|TAMS 0x0000000092900000| PB 0x0000000092900000| Complete 
| 298|0x0000000092a00000, 0x0000000092b00000, 0x0000000092b00000|100%| E|CS|TAMS 0x0000000092a00000| PB 0x0000000092a00000| Complete 
| 299|0x0000000092b00000, 0x0000000092c00000, 0x0000000092c00000|100%| E|CS|TAMS 0x0000000092b00000| PB 0x0000000092b00000| Complete 
| 300|0x0000000092c00000, 0x0000000092d00000, 0x0000000092d00000|100%| E|CS|TAMS 0x0000000092c00000| PB 0x0000000092c00000| Complete 
| 301|0x0000000092d00000, 0x0000000092e00000, 0x0000000092e00000|100%| E|CS|TAMS 0x0000000092d00000| PB 0x0000000092d00000| Complete 
| 315|0x0000000093b00000, 0x0000000093c00000, 0x0000000093c00000|100%| E|CS|TAMS 0x0000000093b00000| PB 0x0000000093b00000| Complete 
|2047|0x00000000fff00000, 0x0000000100000000, 0x0000000100000000|100%| O|  |TAMS 0x00000000fff00000| PB 0x00000000fff00000| Untracked 

Card table byte_map: [0x0000013452e70000,0x0000013453270000] _byte_map_base: 0x0000013452a70000

Marking Bits: (CMBitMap*) 0x00000134400f8180
 Bits: [0x0000013453270000, 0x0000013455270000)

Polling page: 0x000001343dc80000

Metaspace:

Usage:
  Non-class:     50.40 MB used.
      Class:      7.96 MB used.
       Both:     58.36 MB used.

Virtual space:
  Non-class space:       64.00 MB reserved,      51.19 MB ( 80%) committed,  1 nodes.
      Class space:        1.00 GB reserved,       8.69 MB ( <1%) committed,  1 nodes.
             Both:        1.06 GB reserved,      59.88 MB (  6%) committed. 

Chunk freelists:
   Non-Class:  12.72 MB
       Class:  7.20 MB
        Both:  19.92 MB

MaxMetaspaceSize: unlimited
CompressedClassSpaceSize: 1.00 GB
Initial GC threshold: 21.00 MB
Current GC threshold: 97.94 MB
CDS: off
 - commit_granule_bytes: 65536.
 - commit_granule_words: 8192.
 - virtual_space_node_default_size: 8388608.
 - enlarge_chunks_in_place: 1.
 - use_allocation_guard: 0.


Internal statistics:

num_allocs_failed_limit: 9.
num_arena_births: 2878.
num_arena_deaths: 0.
num_vsnodes_births: 2.
num_vsnodes_deaths: 0.
num_space_committed: 958.
num_space_uncommitted: 0.
num_chunks_returned_to_freelist: 9.
num_chunks_taken_from_freelist: 5272.
num_chunk_merges: 9.
num_chunk_splits: 3412.
num_chunks_enlarged: 2082.
num_inconsistent_stats: 0.

CodeHeap 'non-profiled nmethods': size=119168Kb used=3431Kb max_used=3555Kb free=115736Kb
 bounds [0x000001344ad90000, 0x000001344b110000, 0x00000134521f0000]
CodeHeap 'profiled nmethods': size=119104Kb used=10370Kb max_used=10892Kb free=108733Kb
 bounds [0x00000134431f0000, 0x0000013443ca0000, 0x000001344a640000]
CodeHeap 'non-nmethods': size=7488Kb used=3832Kb max_used=4443Kb free=3655Kb
 bounds [0x000001344a640000, 0x000001344aaa0000, 0x000001344ad90000]
 total_blobs=6330 nmethods=5470 adapters=762
 compilation: enabled
              stopped_count=0, restarted_count=0
 full_count=0

Compilation events (20 events):
Event: 12.161 Thread 0x0000013458208da0 nmethod 6072 0x000001344341f410 code [0x000001344341f5c0, 0x000001344341f6f8]
Event: 12.162 Thread 0x00000134587beee0 nmethod 6071 0x000001344323b690 code [0x000001344323b960, 0x000001344323c910]
Event: 12.163 Thread 0x0000013458401ca0 6073       1       org.gradle.internal.operations.DefaultBuildOperationRunner$DefaultBuildOperationContext::setResult (6 bytes)
Event: 12.164 Thread 0x0000013458401ca0 nmethod 6073 0x000001344ae0c110 code [0x000001344ae0c2a0, 0x000001344ae0c3b0]
Event: 12.165 Thread 0x0000013458401ca0 6074       1       com.google.common.collect.MapMakerInternalMap$AbstractStrongKeyEntry::getKey (5 bytes)
Event: 12.165 Thread 0x0000013458401ca0 nmethod 6074 0x000001344aea8a10 code [0x000001344aea8ba0, 0x000001344aea8c68]
Event: 12.235 Thread 0x00000134587c0350 6075       4       jdk.internal.loader.URLClassPath$JarLoader$2::getInputStream (15 bytes)
Event: 12.236 Thread 0x00000134587c0350 nmethod 6075 0x000001344aeffd90 code [0x000001344aefff20, 0x000001344af00010]
Event: 12.254 Thread 0x000001345858aa70 6076   !   3       java.util.WeakHashMap::expungeStaleEntries (139 bytes)
Event: 12.255 Thread 0x000001345858aa70 nmethod 6076 0x000001344331df10 code [0x000001344331e120, 0x000001344331e948]
Event: 12.256 Thread 0x00000134587c0350 6077       4       java.util.jar.Manifest::getTrustedAttributes (57 bytes)
Event: 12.265 Thread 0x00000134587c0350 nmethod 6077 0x000001344aea3e90 code [0x000001344aea4080, 0x000001344aea44b0]
Event: 12.265 Thread 0x00000134587c0350 6078       4       java.lang.ClassLoader::getDefinedPackage (36 bytes)
Event: 12.282 Thread 0x0000013458208da0 6079       3       java.lang.Boolean::hashCode (14 bytes)
Event: 12.282 Thread 0x00000134587beee0 6080       3       kotlin.reflect.jvm.internal.impl.name.FqName::hashCode (8 bytes)
Event: 12.282 Thread 0x0000013458401ca0 6081       3       kotlin.reflect.jvm.internal.impl.name.FqNameUnsafe::hashCode (8 bytes)
Event: 12.282 Thread 0x0000013458208da0 nmethod 6079 0x0000013443435010 code [0x00000134434351c0, 0x0000013443435320]
Event: 12.282 Thread 0x0000013458401ca0 nmethod 6081 0x0000013443213810 code [0x00000134432139c0, 0x0000013443213b00]
Event: 12.283 Thread 0x00000134587beee0 nmethod 6080 0x00000134432a9f10 code [0x00000134432aa0c0, 0x00000134432aa268]
Event: 12.284 Thread 0x00000134587c0350 nmethod 6078 0x000001344adba290 code [0x000001344adba500, 0x000001344adbb078]

GC Heap History (20 events):
Event: 2.648 GC heap before
{Heap before GC invocations=3 (full 0):
 garbage-first heap   total 323584K, used 31287K [0x0000000080000000, 0x0000000100000000)
  region size 1024K, 23 young (23552K), 9 survivors (9216K)
 Metaspace       used 21231K, committed 21504K, reserved 1114112K
  class space    used 2465K, committed 2560K, reserved 1048576K
}
Event: 2.654 GC heap after
{Heap after GC invocations=4 (full 0):
 garbage-first heap   total 323584K, used 20607K [0x0000000080000000, 0x0000000100000000)
  region size 1024K, 11 young (11264K), 11 survivors (11264K)
 Metaspace       used 21231K, committed 21504K, reserved 1114112K
  class space    used 2465K, committed 2560K, reserved 1048576K
}
Event: 4.785 GC heap before
{Heap before GC invocations=5 (full 0):
 garbage-first heap   total 71680K, used 69759K [0x0000000080000000, 0x0000000100000000)
  region size 1024K, 60 young (61440K), 11 survivors (11264K)
 Metaspace       used 29171K, committed 29696K, reserved 1114112K
  class space    used 3740K, committed 3968K, reserved 1048576K
}
Event: 4.793 GC heap after
{Heap after GC invocations=6 (full 0):
 garbage-first heap   total 84992K, used 22376K [0x0000000080000000, 0x0000000100000000)
  region size 1024K, 13 young (13312K), 13 survivors (13312K)
 Metaspace       used 29171K, committed 29696K, reserved 1114112K
  class space    used 3740K, committed 3968K, reserved 1048576K
}
Event: 5.836 GC heap before
{Heap before GC invocations=6 (full 0):
 garbage-first heap   total 84992K, used 59240K [0x0000000080000000, 0x0000000100000000)
  region size 1024K, 49 young (50176K), 13 survivors (13312K)
 Metaspace       used 33741K, committed 34496K, reserved 1114112K
  class space    used 4529K, committed 4864K, reserved 1048576K
}
Event: 5.844 GC heap after
{Heap after GC invocations=7 (full 0):
 garbage-first heap   total 84992K, used 25358K [0x0000000080000000, 0x0000000100000000)
  region size 1024K, 6 young (6144K), 6 survivors (6144K)
 Metaspace       used 33741K, committed 34496K, reserved 1114112K
  class space    used 4529K, committed 4864K, reserved 1048576K
}
Event: 6.145 GC heap before
{Heap before GC invocations=7 (full 0):
 garbage-first heap   total 84992K, used 33550K [0x0000000080000000, 0x0000000100000000)
  region size 1024K, 16 young (16384K), 6 survivors (6144K)
 Metaspace       used 35235K, committed 35968K, reserved 1114112K
  class space    used 4762K, committed 5120K, reserved 1048576K
}
Event: 6.151 GC heap after
{Heap after GC invocations=8 (full 0):
 garbage-first heap   total 84992K, used 25644K [0x0000000080000000, 0x0000000100000000)
  region size 1024K, 4 young (4096K), 4 survivors (4096K)
 Metaspace       used 35235K, committed 35968K, reserved 1114112K
  class space    used 4762K, committed 5120K, reserved 1048576K
}
Event: 7.738 GC heap before
{Heap before GC invocations=9 (full 0):
 garbage-first heap   total 84992K, used 67628K [0x0000000080000000, 0x0000000100000000)
  region size 1024K, 46 young (47104K), 4 survivors (4096K)
 Metaspace       used 43721K, committed 44608K, reserved 1114112K
  class space    used 5851K, committed 6272K, reserved 1048576K
}
Event: 7.746 GC heap after
{Heap after GC invocations=10 (full 0):
 garbage-first heap   total 84992K, used 29487K [0x0000000080000000, 0x0000000100000000)
  region size 1024K, 6 young (6144K), 6 survivors (6144K)
 Metaspace       used 43721K, committed 44608K, reserved 1114112K
  class space    used 5851K, committed 6272K, reserved 1048576K
}
Event: 8.726 GC heap before
{Heap before GC invocations=10 (full 0):
 garbage-first heap   total 84992K, used 75567K [0x0000000080000000, 0x0000000100000000)
  region size 1024K, 46 young (47104K), 6 survivors (6144K)
 Metaspace       used 46901K, committed 47936K, reserved 1114112K
  class space    used 6186K, committed 6656K, reserved 1048576K
}
Event: 8.734 GC heap after
{Heap after GC invocations=11 (full 0):
 garbage-first heap   total 87040K, used 33192K [0x0000000080000000, 0x0000000100000000)
  region size 1024K, 4 young (4096K), 4 survivors (4096K)
 Metaspace       used 46901K, committed 47936K, reserved 1114112K
  class space    used 6186K, committed 6656K, reserved 1048576K
}
Event: 9.795 GC heap before
{Heap before GC invocations=11 (full 0):
 garbage-first heap   total 87040K, used 73128K [0x0000000080000000, 0x0000000100000000)
  region size 1024K, 43 young (44032K), 4 survivors (4096K)
 Metaspace       used 51834K, committed 53248K, reserved 1114112K
  class space    used 7014K, committed 7744K, reserved 1048576K
}
Event: 9.799 GC heap after
{Heap after GC invocations=12 (full 0):
 garbage-first heap   total 87040K, used 35596K [0x0000000080000000, 0x0000000100000000)
  region size 1024K, 3 young (3072K), 3 survivors (3072K)
 Metaspace       used 51834K, committed 53248K, reserved 1114112K
  class space    used 7014K, committed 7744K, reserved 1048576K
}
Event: 11.216 GC heap before
{Heap before GC invocations=12 (full 0):
 garbage-first heap   total 87040K, used 74508K [0x0000000080000000, 0x0000000100000000)
  region size 1024K, 41 young (41984K), 3 survivors (3072K)
 Metaspace       used 55870K, committed 57344K, reserved 1114112K
  class space    used 7674K, committed 8384K, reserved 1048576K
}
Event: 11.224 GC heap after
{Heap after GC invocations=13 (full 0):
 garbage-first heap   total 87040K, used 40465K [0x0000000080000000, 0x0000000100000000)
  region size 1024K, 6 young (6144K), 6 survivors (6144K)
 Metaspace       used 55870K, committed 57344K, reserved 1114112K
  class space    used 7674K, committed 8384K, reserved 1048576K
}
Event: 11.730 GC heap before
{Heap before GC invocations=13 (full 0):
 garbage-first heap   total 87040K, used 75281K [0x0000000080000000, 0x0000000100000000)
  region size 1024K, 39 young (39936K), 6 survivors (6144K)
 Metaspace       used 57793K, committed 59264K, reserved 1114112K
  class space    used 7846K, committed 8576K, reserved 1048576K
}
Event: 11.738 GC heap after
{Heap after GC invocations=14 (full 0):
 garbage-first heap   total 87040K, used 42078K [0x0000000080000000, 0x0000000100000000)
  region size 1024K, 2 young (2048K), 2 survivors (2048K)
 Metaspace       used 57793K, committed 59264K, reserved 1114112K
  class space    used 7846K, committed 8576K, reserved 1048576K
}
Event: 12.056 GC heap before
{Heap before GC invocations=14 (full 0):
 garbage-first heap   total 87040K, used 50270K [0x0000000080000000, 0x0000000100000000)
  region size 1024K, 11 young (11264K), 2 survivors (2048K)
 Metaspace       used 58627K, committed 60096K, reserved 1114112K
  class space    used 7981K, committed 8704K, reserved 1048576K
}
Event: 12.059 GC heap after
{Heap after GC invocations=15 (full 0):
 garbage-first heap   total 87040K, used 42539K [0x0000000080000000, 0x0000000100000000)
  region size 1024K, 2 young (2048K), 2 survivors (2048K)
 Metaspace       used 58627K, committed 60096K, reserved 1114112K
  class space    used 7981K, committed 8704K, reserved 1048576K
}

Dll operation events (3 events):
Event: 0.017 Loaded shared library C:\Program Files\Android\Android Studio\jbr\bin\java.dll
Event: 0.025 Loaded shared library C:\Program Files\Android\Android Studio\jbr\bin\zip.dll
Event: 0.836 Loaded shared library C:\Program Files\Android\Android Studio\jbr\bin\verify.dll

Deoptimization events (20 events):
Event: 11.522 Thread 0x000001345e9ab2c0 Uncommon trap: trap_request=0xffffffbe fr.pc=0x000001344b0d3d68 relative=0x0000000000000308
Event: 11.522 Thread 0x000001345e9ab2c0 Uncommon trap: reason=profile_predicate action=maybe_recompile pc=0x000001344b0d3d68 method=sun.instrument.TransformerManager.transform(Ljava/lang/Module;Ljava/lang/ClassLoader;Ljava/lang/String;Ljava/lang/Class;Ljava/security/ProtectionDomain;[B)[B @ 21 
Event: 11.522 Thread 0x000001345e9ab2c0 DEOPT PACKING pc=0x000001344b0d3d68 sp=0x0000000d885f2b80
Event: 11.522 Thread 0x000001345e9ab2c0 DEOPT UNPACKING pc=0x000001344a6946a2 sp=0x0000000d885f2a50 mode 2
Event: 11.581 Thread 0x000001345e9ab2c0 DEOPT PACKING pc=0x0000013443726216 sp=0x0000000d885f8df0
Event: 11.581 Thread 0x000001345e9ab2c0 DEOPT UNPACKING pc=0x000001344a694e42 sp=0x0000000d885f8338 mode 0
Event: 11.585 Thread 0x000001345e9ab2c0 Uncommon trap: trap_request=0xffffff45 fr.pc=0x000001344ae9ae18 relative=0x0000000000001458
Event: 11.585 Thread 0x000001345e9ab2c0 Uncommon trap: reason=unstable_if action=reinterpret pc=0x000001344ae9ae18 method=sun.nio.fs.WindowsPath.initOffsets()V @ 99 c2
Event: 11.585 Thread 0x000001345e9ab2c0 DEOPT PACKING pc=0x000001344ae9ae18 sp=0x0000000d885faa20
Event: 11.585 Thread 0x000001345e9ab2c0 DEOPT UNPACKING pc=0x000001344a6946a2 sp=0x0000000d885faa00 mode 2
Event: 11.638 Thread 0x000001345e9ab2c0 DEOPT PACKING pc=0x00000134436d59de sp=0x0000000d885f9120
Event: 11.638 Thread 0x000001345e9ab2c0 DEOPT UNPACKING pc=0x000001344a694e42 sp=0x0000000d885f8608 mode 0
Event: 11.643 Thread 0x000001345e9ab2c0 DEOPT PACKING pc=0x00000134436d59de sp=0x0000000d885f9120
Event: 11.643 Thread 0x000001345e9ab2c0 DEOPT UNPACKING pc=0x000001344a694e42 sp=0x0000000d885f8608 mode 0
Event: 11.689 Thread 0x000001345e9ab2c0 DEOPT PACKING pc=0x00000134434daadd sp=0x0000000d885f9570
Event: 11.689 Thread 0x000001345e9ab2c0 DEOPT UNPACKING pc=0x000001344a694e42 sp=0x0000000d885f89e8 mode 0
Event: 11.790 Thread 0x000001345e9ab2c0 Uncommon trap: trap_request=0xffffff45 fr.pc=0x000001344af66238 relative=0x00000000000001d8
Event: 11.790 Thread 0x000001345e9ab2c0 Uncommon trap: reason=unstable_if action=reinterpret pc=0x000001344af66238 method=java.util.HashMap.getNode(Ljava/lang/Object;)Ljava/util/HashMap$Node; @ 131 c2
Event: 11.790 Thread 0x000001345e9ab2c0 DEOPT PACKING pc=0x000001344af66238 sp=0x0000000d885f9d40
Event: 11.790 Thread 0x000001345e9ab2c0 DEOPT UNPACKING pc=0x000001344a6946a2 sp=0x0000000d885f9c50 mode 2

Classes loaded (20 events):
Event: 11.137 Loading class java/util/AbstractList$ListItr
Event: 11.137 Loading class java/util/AbstractList$ListItr done
Event: 11.394 Loading class java/util/BitSet$1BitSetSpliterator
Event: 11.394 Loading class java/util/BitSet$1BitSetSpliterator done
Event: 11.419 Loading class sun/nio/fs/WindowsException
Event: 11.420 Loading class sun/nio/fs/WindowsException done
Event: 11.424 Loading class com/jetbrains/internal/IoToNioErrorMessageHolder
Event: 11.424 Loading class com/jetbrains/internal/IoToNioErrorMessageHolder done
Event: 11.454 Loading class java/util/Collections$SynchronizedRandomAccessList
Event: 11.454 Loading class java/util/Collections$SynchronizedList
Event: 11.454 Loading class java/util/Collections$SynchronizedList done
Event: 11.454 Loading class java/util/Collections$SynchronizedRandomAccessList done
Event: 11.771 Loading class java/lang/foreign/MemorySegment
Event: 11.775 Loading class java/lang/foreign/MemorySegment done
Event: 11.965 Loading class java/util/concurrent/atomic/AtomicReferenceFieldUpdater
Event: 11.966 Loading class java/util/concurrent/atomic/AtomicReferenceFieldUpdater done
Event: 11.966 Loading class java/util/concurrent/atomic/AtomicReferenceFieldUpdater$AtomicReferenceFieldUpdaterImpl
Event: 11.966 Loading class java/util/concurrent/atomic/AtomicReferenceFieldUpdater$AtomicReferenceFieldUpdaterImpl done
Event: 11.966 Loading class java/util/concurrent/atomic/AtomicReferenceFieldUpdater$AtomicReferenceFieldUpdaterImpl$1
Event: 11.967 Loading class java/util/concurrent/atomic/AtomicReferenceFieldUpdater$AtomicReferenceFieldUpdaterImpl$1 done

Classes unloaded (0 events):
No events

Classes redefined (0 events):
No events

Internal exceptions (20 events):
Event: 11.287 Thread 0x000001345e9ab2c0 Exception <a 'java/lang/ClassNotFoundException'{0x0000000092d5e6e0}: addGradleAndroidTestListener1_d3rzc1egf171ehh3j5rsbr9dBeanInfo> (0x0000000092d5e6e0) 
thrown [s\src\hotspot\share\classfile\systemDictionary.cpp, line 312]
Event: 11.287 Thread 0x000001345e9ab2c0 Exception <a 'java/lang/ClassNotFoundException'{0x0000000092d648b0}: addGradleAndroidTestListener1_d3rzc1egf171ehh3j5rsbr9dCustomizer> (0x0000000092d648b0) 
thrown [s\src\hotspot\share\classfile\systemDictionary.cpp, line 312]
Event: 11.312 Thread 0x000001345e9ab2c0 Exception <a 'java/lang/ClassNotFoundException'{0x0000000092dfed68}: SetupUtpTestResultListenerActionBeanInfo> (0x0000000092dfed68) 
thrown [s\src\hotspot\share\classfile\systemDictionary.cpp, line 312]
Event: 11.312 Thread 0x000001345e9ab2c0 Exception <a 'java/lang/ClassNotFoundException'{0x0000000092c057f0}: SetupUtpTestResultListenerActionCustomizer> (0x0000000092c057f0) 
thrown [s\src\hotspot\share\classfile\systemDictionary.cpp, line 312]
Event: 11.329 Thread 0x000001345e9ab2c0 Exception <a 'java/lang/ClassNotFoundException'{0x0000000092c7f120}: org/gradle/execution/taskgraph/DefaultTaskExecutionGraphBeanInfo> (0x0000000092c7f120) 
thrown [s\src\hotspot\share\classfile\systemDictionary.cpp, line 312]
Event: 11.330 Thread 0x000001345e9ab2c0 Exception <a 'java/lang/ClassNotFoundException'{0x0000000092c8d040}: org/gradle/execution/taskgraph/DefaultTaskExecutionGraphCustomizer> (0x0000000092c8d040) 
thrown [s\src\hotspot\share\classfile\systemDictionary.cpp, line 312]
Event: 11.406 Thread 0x000001345e9ab2c0 Exception <a 'java/lang/IncompatibleClassChangeError'{0x0000000092a54c78}: Found class java.lang.Object, but interface was expected> (0x0000000092a54c78) 
thrown [s\src\hotspot\share\interpreter\linkResolver.cpp, line 851]
Event: 11.420 Thread 0x000001345e9ab2c0 Exception <a 'sun/nio/fs/WindowsException'{0x0000000092a809f8}> (0x0000000092a809f8) 
thrown [s\src\hotspot\share\prims\jni.cpp, line 537]
Event: 11.426 Thread 0x000001345e9ab2c0 Exception <a 'sun/nio/fs/WindowsException'{0x0000000092a826a8}> (0x0000000092a826a8) 
thrown [s\src\hotspot\share\prims\jni.cpp, line 537]
Event: 11.427 Thread 0x000001345e9ab2c0 Exception <a 'sun/nio/fs/WindowsException'{0x0000000092a83bd8}> (0x0000000092a83bd8) 
thrown [s\src\hotspot\share\prims\jni.cpp, line 537]
Event: 11.429 Thread 0x000001345e9ab2c0 Exception <a 'sun/nio/fs/WindowsException'{0x0000000092a85130}> (0x0000000092a85130) 
thrown [s\src\hotspot\share\prims\jni.cpp, line 537]
Event: 11.436 Thread 0x000001345e9ab2c0 Exception <a 'java/lang/NoSuchMethodError'{0x0000000092a99430}: 'java.lang.Object java.lang.invoke.Invokers$Holder.invoker(java.lang.Object, java.lang.Object, java.lang.Object, java.lang.Object, java.lang.Object, java.lang.Object)'> (0x0000000092a99430) 
thrown [s\src\hotspot\share\interpreter\linkResolver.cpp, line 784]
Event: 11.480 Thread 0x000001345e9ab2c0 Exception <a 'java/lang/NoSuchMethodError'{0x000000009299c230}: 'java.lang.Object java.lang.invoke.DirectMethodHandle$Holder.invokeSpecial(java.lang.Object, java.lang.Object, java.lang.Object, java.lang.Object, java.lang.Object, java.lang.Object, java.lang.Object, java.lang.Object, java.lang.Object, java.lang.Object, java.lang.Object, java.lang.Object, java.lang.Object, java.lang.Object, java.lang.Object, java.lang.Object, java.lang.Object, java.lang.Object, java.lang.Object, java.lang.Object, java.lang.Ob
Event: 11.480 Thread 0x000001345e9ab2c0 Exception <a 'java/lang/NoSuchMethodError'{0x00000000929a2298}: 'java.lang.Object java.lang.invoke.DelegatingMethodHandle$Holder.reinvoke_L(java.lang.Object, java.lang.Object, java.lang.Object, java.lang.Object, java.lang.Object, java.lang.Object, java.lang.Object, java.lang.Object, java.lang.Object, java.lang.Object, java.lang.Object, java.lang.Object, java.lang.Object, java.lang.Object, java.lang.Object, java.lang.Object, java.lang.Object, java.lang.Object, java.lang.Object, java.lang.Object, java.lang.O
Event: 11.481 Thread 0x000001345e9ab2c0 Exception <a 'java/lang/NoSuchMethodError'{0x00000000929ad3a0}: 'java.lang.Object java.lang.invoke.Invokers$Holder.invoker(java.lang.Object, java.lang.Object, java.lang.Object, java.lang.Object, java.lang.Object, java.lang.Object, java.lang.Object, java.lang.Object, java.lang.Object, java.lang.Object, java.lang.Object, java.lang.Object, java.lang.Object, java.lang.Object, java.lang.Object, java.lang.Object, java.lang.Object, java.lang.Object, java.lang.Object, java.lang.Object, java.lang.Object, java.lang.
Event: 11.482 Thread 0x000001345e9ab2c0 Exception <a 'java/lang/NoSuchMethodError'{0x00000000929b3cb8}: 'java.lang.Object java.lang.invoke.DelegatingMethodHandle$Holder.delegate(java.lang.Object, java.lang.Object, java.lang.Object, java.lang.Object, java.lang.Object, java.lang.Object, java.lang.Object, java.lang.Object, java.lang.Object, java.lang.Object, java.lang.Object, java.lang.Object, java.lang.Object, java.lang.Object, java.lang.Object, java.lang.Object, java.lang.Object, java.lang.Object, java.lang.Object, java.lang.Object, java.lang.Obj
Event: 12.117 Thread 0x000001345e9ab2c0 Exception <a 'java/lang/NoSuchMethodError'{0x0000000093bcd9e8}: 'java.lang.Object java.lang.invoke.DirectMethodHandle$Holder.newInvokeSpecial(java.lang.Object, java.lang.Object, java.lang.Object, java.lang.Object, java.lang.Object, java.lang.Object, java.lang.Object, java.lang.Object, java.lang.Object, java.lang.Object, java.lang.Object, java.lang.Object, java.lang.Object, java.lang.Object, java.lang.Object, java.lang.Object, java.lang.Object, java.lang.Object, java.lang.Object)'> (0x0000000093bcd9e8) 
thr
Event: 12.119 Thread 0x000001345e9ab2c0 Exception <a 'java/lang/NoSuchMethodError'{0x0000000093bd4370}: 'java.lang.Object java.lang.invoke.DirectMethodHandle$Holder.invokeSpecial(java.lang.Object, java.lang.Object, java.lang.Object, java.lang.Object, java.lang.Object, java.lang.Object, java.lang.Object, java.lang.Object, java.lang.Object, java.lang.Object, java.lang.Object, java.lang.Object, java.lang.Object, java.lang.Object, java.lang.Object, java.lang.Object, java.lang.Object, java.lang.Object, java.lang.Object, java.lang.Object)'> (0x0000000
Event: 12.119 Thread 0x000001345e9ab2c0 Exception <a 'java/lang/NoSuchMethodError'{0x0000000093bd9bc0}: 'java.lang.Object java.lang.invoke.DelegatingMethodHandle$Holder.reinvoke_L(java.lang.Object, java.lang.Object, java.lang.Object, java.lang.Object, java.lang.Object, java.lang.Object, java.lang.Object, java.lang.Object, java.lang.Object, java.lang.Object, java.lang.Object, java.lang.Object, java.lang.Object, java.lang.Object, java.lang.Object, java.lang.Object, java.lang.Object, java.lang.Object, java.lang.Object)'> (0x0000000093bd9bc0) 
throw
Event: 12.144 Thread 0x000001345e9ab2c0 Exception <a 'java/lang/IncompatibleClassChangeError'{0x0000000092daa1a0}: Found class java.lang.Object, but interface was expected> (0x0000000092daa1a0) 
thrown [s\src\hotspot\share\interpreter\linkResolver.cpp, line 851]

ZGC Phase Switch (0 events):
No events

VM Operations (20 events):
Event: 10.169 Executing VM operation: HandshakeAllThreads (Deoptimize) done
Event: 10.451 Executing VM operation: HandshakeAllThreads (Deoptimize)
Event: 10.451 Executing VM operation: HandshakeAllThreads (Deoptimize) done
Event: 10.822 Executing VM operation: ICBufferFull
Event: 10.822 Executing VM operation: ICBufferFull done
Event: 11.139 Executing VM operation: HandshakeAllThreads (Deoptimize)
Event: 11.139 Executing VM operation: HandshakeAllThreads (Deoptimize) done
Event: 11.216 Executing VM operation: G1CollectForAllocation (G1 Evacuation Pause)
Event: 11.224 Executing VM operation: G1CollectForAllocation (G1 Evacuation Pause) done
Event: 11.423 Executing VM operation: HandshakeAllThreads (Deoptimize)
Event: 11.423 Executing VM operation: HandshakeAllThreads (Deoptimize) done
Event: 11.730 Executing VM operation: G1CollectForAllocation (G1 Evacuation Pause)
Event: 11.738 Executing VM operation: G1CollectForAllocation (G1 Evacuation Pause) done
Event: 12.056 Executing VM operation: CollectForMetadataAllocation (Metadata GC Threshold)
Event: 12.059 Executing VM operation: CollectForMetadataAllocation (Metadata GC Threshold) done
Event: 12.089 Executing VM operation: G1PauseRemark
Event: 12.114 Executing VM operation: G1PauseRemark done
Event: 12.125 Executing VM operation: G1PauseCleanup
Event: 12.125 Executing VM operation: G1PauseCleanup done
Event: 13.125 Executing VM operation: Cleanup

Memory protections (0 events):
No events

Nmethod flushes (20 events):
Event: 12.112 Thread 0x000001345823cbd0 flushing  nmethod 0x000001344343ec90
Event: 12.112 Thread 0x000001345823cbd0 flushing  nmethod 0x00000134434b6110
Event: 12.112 Thread 0x000001345823cbd0 flushing  nmethod 0x00000134434b6c90
Event: 12.112 Thread 0x000001345823cbd0 flushing  nmethod 0x00000134434b8210
Event: 12.112 Thread 0x000001345823cbd0 flushing  nmethod 0x000001344358bc90
Event: 12.112 Thread 0x000001345823cbd0 flushing  nmethod 0x000001344358d810
Event: 12.112 Thread 0x000001345823cbd0 flushing  nmethod 0x000001344358de10
Event: 12.112 Thread 0x000001345823cbd0 flushing  nmethod 0x00000134435e9d10
Event: 12.112 Thread 0x000001345823cbd0 flushing  nmethod 0x00000134435eb990
Event: 12.112 Thread 0x000001345823cbd0 flushing  nmethod 0x00000134435ed110
Event: 12.112 Thread 0x000001345823cbd0 flushing  nmethod 0x00000134435ef910
Event: 12.112 Thread 0x000001345823cbd0 flushing  nmethod 0x00000134435f0190
Event: 12.112 Thread 0x000001345823cbd0 flushing  nmethod 0x00000134435f0890
Event: 12.112 Thread 0x000001345823cbd0 flushing  nmethod 0x00000134435f1990
Event: 12.112 Thread 0x000001345823cbd0 flushing  nmethod 0x0000013443673990
Event: 12.112 Thread 0x000001345823cbd0 flushing  nmethod 0x00000134436c1510
Event: 12.112 Thread 0x000001345823cbd0 flushing  nmethod 0x0000013443700c90
Event: 12.112 Thread 0x000001345823cbd0 flushing  nmethod 0x000001344374c210
Event: 12.112 Thread 0x000001345823cbd0 flushing  nmethod 0x000001344374cb10
Event: 12.112 Thread 0x000001345823cbd0 flushing  nmethod 0x000001344384f710

Events (20 events):
Event: 10.555 Thread 0x000001345e9ab2c0 Thread added: 0x0000013461252650
Event: 10.558 Thread 0x000001345e9ab2c0 Thread added: 0x0000013461250580
Event: 10.561 Thread 0x000001345e9ab2c0 Thread added: 0x0000013461250c10
Event: 10.666 Thread 0x000001345e9ab2c0 Thread added: 0x0000013461251930
Event: 10.668 Thread 0x000001345e9ab2c0 Thread added: 0x0000013461251fc0
Event: 10.672 Thread 0x000001345e9ab2c0 Thread added: 0x0000013461252ce0
Event: 10.674 Thread 0x000001345e9ab2c0 Thread added: 0x0000013461253370
Event: 10.690 Thread 0x0000013458401ca0 Thread added: 0x00000134587c0350
Event: 10.709 Thread 0x0000013458401ca0 Thread added: 0x00000134587bfc80
Event: 10.915 Thread 0x000001345e9ab2c0 Thread added: 0x000001345886c2d0
Event: 11.043 Thread 0x000001345e9ab2c0 Thread added: 0x000001345886a200
Event: 11.119 Thread 0x000001345e9ab2c0 Thread added: 0x000001345886cff0
Event: 11.121 Thread 0x000001345e9ab2c0 Thread added: 0x000001345886b5b0
Event: 11.123 Thread 0x000001345e9ab2c0 Thread added: 0x000001345886bc40
Event: 11.125 Thread 0x000001345e9ab2c0 Thread added: 0x000001345886d680
Event: 11.184 Thread 0x000001345e9ab2c0 Thread added: 0x000001345886c960
Event: 11.239 Thread 0x000001345e9ab2c0 Thread added: 0x000001345886dd10
Event: 11.270 Thread 0x000001345e9ab2c0 Thread added: 0x000001345886af20
Event: 11.491 Thread 0x00000134587bfc80 Thread exited: 0x00000134587bfc80
Event: 11.664 Thread 0x00000134583fdb10 Thread added: 0x0000013460c05130


Dynamic libraries:
0x00007ff7e4c60000 - 0x00007ff7e4c6a000 	C:\Program Files\Android\Android Studio\jbr\bin\java.exe
0x00007ffe46840000 - 0x00007ffe46aa7000 	C:\WINDOWS\SYSTEM32\ntdll.dll
0x00007ffe45ab0000 - 0x00007ffe45b79000 	C:\WINDOWS\System32\KERNEL32.DLL
0x00007ffe43520000 - 0x00007ffe43911000 	C:\WINDOWS\System32\KERNELBASE.dll
0x00007ffe43210000 - 0x00007ffe4335b000 	C:\WINDOWS\System32\ucrtbase.dll
0x00007ffe3b700000 - 0x00007ffe3b71b000 	C:\Program Files\Android\Android Studio\jbr\bin\VCRUNTIME140.dll
0x00007ffe085c0000 - 0x00007ffe085d8000 	C:\Program Files\Android\Android Studio\jbr\bin\jli.dll
0x00007ffe46260000 - 0x00007ffe46425000 	C:\WINDOWS\System32\USER32.dll
0x00007ffe431e0000 - 0x00007ffe43207000 	C:\WINDOWS\System32\win32u.dll
0x00007ffe0f1f0000 - 0x00007ffe0f483000 	C:\WINDOWS\WinSxS\amd64_microsoft.windows.common-controls_6595b64144ccf1df_6.0.26100.8037_none_3e092faae333b53b\COMCTL32.dll
0x00007ffe44660000 - 0x00007ffe4468b000 	C:\WINDOWS\System32\GDI32.dll
0x00007ffe43360000 - 0x00007ffe4348b000 	C:\WINDOWS\System32\gdi32full.dll
0x00007ffe446a0000 - 0x00007ffe44749000 	C:\WINDOWS\System32\msvcrt.dll
0x00007ffe43c10000 - 0x00007ffe43cb3000 	C:\WINDOWS\System32\msvcp_win.dll
0x00007ffe46430000 - 0x00007ffe46461000 	C:\WINDOWS\System32\IMM32.DLL
0x00007ffe320e0000 - 0x00007ffe320ec000 	C:\Program Files\Android\Android Studio\jbr\bin\vcruntime140_1.dll
0x00007ffdc28c0000 - 0x00007ffdc294d000 	C:\Program Files\Android\Android Studio\jbr\bin\msvcp140.dll
0x00007ffd7dd50000 - 0x00007ffd7e9de000 	C:\Program Files\Android\Android Studio\jbr\bin\server\jvm.dll
0x00007ffe46110000 - 0x00007ffe461cb000 	C:\WINDOWS\System32\ADVAPI32.dll
0x00007ffe44750000 - 0x00007ffe447f7000 	C:\WINDOWS\System32\sechost.dll
0x00007ffe44c30000 - 0x00007ffe44d48000 	C:\WINDOWS\System32\RPCRT4.dll
0x00007ffe44bb0000 - 0x00007ffe44c24000 	C:\WINDOWS\System32\WS2_32.dll
0x00007ffe3ed20000 - 0x00007ffe3ed55000 	C:\WINDOWS\SYSTEM32\WINMM.dll
0x00007ffe42f80000 - 0x00007ffe42fde000 	C:\WINDOWS\SYSTEM32\POWRPROF.dll
0x00007ffe36bc0000 - 0x00007ffe36bcb000 	C:\WINDOWS\SYSTEM32\VERSION.dll
0x00007ffe42f60000 - 0x00007ffe42f74000 	C:\WINDOWS\SYSTEM32\UMPDC.dll
0x00007ffe41e70000 - 0x00007ffe41e8b000 	C:\WINDOWS\SYSTEM32\kernel.appcore.dll
0x00007ffe320d0000 - 0x00007ffe320da000 	C:\Program Files\Android\Android Studio\jbr\bin\jimage.dll
0x00007ffe40ee0000 - 0x00007ffe41122000 	C:\WINDOWS\SYSTEM32\DBGHELP.DLL
0x00007ffe46470000 - 0x00007ffe467f2000 	C:\WINDOWS\System32\combase.dll
0x00007ffe45190000 - 0x00007ffe45267000 	C:\WINDOWS\System32\OLEAUT32.dll
0x00007ffe2eda0000 - 0x00007ffe2eddb000 	C:\WINDOWS\SYSTEM32\dbgcore.DLL
0x00007ffe44530000 - 0x00007ffe445d5000 	C:\WINDOWS\System32\bcryptPrimitives.dll
0x00007ffe288f0000 - 0x00007ffe288fe000 	C:\Program Files\Android\Android Studio\jbr\bin\instrument.dll
0x00007ffe320b0000 - 0x00007ffe320d0000 	C:\Program Files\Android\Android Studio\jbr\bin\java.dll
0x00007ffe21c50000 - 0x00007ffe21c68000 	C:\Program Files\Android\Android Studio\jbr\bin\zip.dll
0x00007ffe45280000 - 0x00007ffe459df000 	C:\WINDOWS\System32\SHELL32.dll
0x00007ffe43920000 - 0x00007ffe43a8a000 	C:\WINDOWS\System32\wintypes.dll
0x00007ffe43cc0000 - 0x00007ffe44524000 	C:\WINDOWS\System32\windows.storage.dll
0x00007ffe45040000 - 0x00007ffe45137000 	C:\WINDOWS\System32\SHCORE.dll
0x00007ffe45c10000 - 0x00007ffe45c77000 	C:\WINDOWS\System32\shlwapi.dll
0x00007ffe43040000 - 0x00007ffe43069000 	C:\WINDOWS\SYSTEM32\profapi.dll
0x00007ffe2ed00000 - 0x00007ffe2ed10000 	C:\Program Files\Android\Android Studio\jbr\bin\net.dll
0x00007ffe37740000 - 0x00007ffe37867000 	C:\WINDOWS\SYSTEM32\WINHTTP.dll
0x00007ffe423c0000 - 0x00007ffe4242b000 	C:\WINDOWS\system32\mswsock.dll
0x00007ffe21bc0000 - 0x00007ffe21bd6000 	C:\Program Files\Android\Android Studio\jbr\bin\nio.dll
0x00007ffe20d10000 - 0x00007ffe20d20000 	C:\Program Files\Android\Android Studio\jbr\bin\verify.dll
0x00007ffe0a000000 - 0x00007ffe0a027000 	C:\Users\Khanh An\.gradle\native\1def1411415f61bf3af743bc5b6707747c0891f09f0c88961ee8f79bc544acac\windows-amd64\native-platform.dll
0x00007ffdc4dd0000 - 0x00007ffdc4e48000 	C:\Users\Khanh An\.gradle\native\0.2.7\x86_64-windows-gnu\gradle-fileevents.dll
0x00007ffe21340000 - 0x00007ffe21349000 	C:\Program Files\Android\Android Studio\jbr\bin\management.dll
0x00007ffe21330000 - 0x00007ffe2133b000 	C:\Program Files\Android\Android Studio\jbr\bin\management_ext.dll
0x00007ffe44690000 - 0x00007ffe44698000 	C:\WINDOWS\System32\PSAPI.DLL
0x00007ffe41840000 - 0x00007ffe41873000 	C:\WINDOWS\SYSTEM32\IPHLPAPI.DLL
0x00007ffe461d0000 - 0x00007ffe461da000 	C:\WINDOWS\System32\NSI.dll
0x00007ffe2d680000 - 0x00007ffe2d689000 	C:\Program Files\Android\Android Studio\jbr\bin\extnet.dll
0x00007ffe427c0000 - 0x00007ffe427db000 	C:\WINDOWS\SYSTEM32\CRYPTSP.dll
0x00007ffe41dd0000 - 0x00007ffe41e09000 	C:\WINDOWS\system32\rsaenh.dll
0x00007ffe42470000 - 0x00007ffe424a2000 	C:\WINDOWS\SYSTEM32\USERENV.dll
0x00007ffe43010000 - 0x00007ffe4303a000 	C:\WINDOWS\SYSTEM32\bcrypt.dll
0x00007ffe427a0000 - 0x00007ffe427ac000 	C:\WINDOWS\SYSTEM32\CRYPTBASE.dll
0x00007ffe047d0000 - 0x00007ffe047d8000 	C:\WINDOWS\system32\wshunix.dll

dbghelp: loaded successfully - version: 4.0.5 - missing functions: none
symbol engine: initialized successfully - sym options: 0x614 - pdb path: .;C:\Program Files\Android\Android Studio\jbr\bin;C:\WINDOWS\SYSTEM32;C:\WINDOWS\WinSxS\amd64_microsoft.windows.common-controls_6595b64144ccf1df_6.0.26100.8037_none_3e092faae333b53b;C:\Program Files\Android\Android Studio\jbr\bin\server;C:\Users\Khanh An\.gradle\native\1def1411415f61bf3af743bc5b6707747c0891f09f0c88961ee8f79bc544acac\windows-amd64;C:\Users\Khanh An\.gradle\native\0.2.7\x86_64-windows-gnu

VM Arguments:
jvm_args: --add-opens=java.base/java.lang=ALL-UNNAMED --add-opens=java.base/java.lang.invoke=ALL-UNNAMED --add-opens=java.base/java.util=ALL-UNNAMED --add-opens=java.prefs/java.util.prefs=ALL-UNNAMED --add-exports=jdk.compiler/com.sun.tools.javac.api=ALL-UNNAMED --add-exports=jdk.compiler/com.sun.tools.javac.util=ALL-UNNAMED --add-opens=java.base/java.util=ALL-UNNAMED --add-opens=java.prefs/java.util.prefs=ALL-UNNAMED --add-opens=java.base/java.nio.charset=ALL-UNNAMED --add-opens=java.base/java.net=ALL-UNNAMED --add-opens=java.base/java.util.concurrent.atomic=ALL-UNNAMED --add-opens=java.xml/javax.xml.namespace=ALL-UNNAMED -Xmx2048m -Dfile.encoding=UTF-8 -Duser.country=GB -Duser.language=en -Duser.variant -javaagent:C:\Users\Khanh An\.gradle\wrapper\dists\gradle-8.13-bin\5xuhj0ry160q40clulazy9h7d\gradle-8.13\lib\agents\gradle-instrumentation-agent-8.13.jar 
java_command: org.gradle.launcher.daemon.bootstrap.GradleDaemon 8.13
java_class_path (initial): C:\Users\Khanh An\.gradle\wrapper\dists\gradle-8.13-bin\5xuhj0ry160q40clulazy9h7d\gradle-8.13\lib\gradle-daemon-main-8.13.jar
Launcher Type: SUN_STANDARD

[Global flags]
     intx CICompilerCount                          = 12                                        {product} {ergonomic}
     uint ConcGCThreads                            = 3                                         {product} {ergonomic}
     uint G1ConcRefinementThreads                  = 13                                        {product} {ergonomic}
   size_t G1HeapRegionSize                         = 1048576                                   {product} {ergonomic}
    uintx GCDrainStackTargetSize                   = 64                                        {product} {ergonomic}
   size_t InitialHeapSize                          = 331350016                                 {product} {ergonomic}
   size_t MarkStackSize                            = 4194304                                   {product} {ergonomic}
   size_t MaxHeapSize                              = 2147483648                                {product} {command line}
   size_t MaxNewSize                               = 1287651328                                {product} {ergonomic}
   size_t MinHeapDeltaBytes                        = 1048576                                   {product} {ergonomic}
   size_t MinHeapSize                              = 8388608                                   {product} {ergonomic}
    uintx NonNMethodCodeHeapSize                   = 7602480                                {pd product} {ergonomic}
    uintx NonProfiledCodeHeapSize                  = 122027880                              {pd product} {ergonomic}
    uintx ProfiledCodeHeapSize                     = 122027880                              {pd product} {ergonomic}
    uintx ReservedCodeCacheSize                    = 251658240                              {pd product} {ergonomic}
     bool SegmentedCodeCache                       = true                                      {product} {ergonomic}
   size_t SoftMaxHeapSize                          = 2147483648                             {manageable} {ergonomic}
     bool UseCompressedOops                        = true                           {product lp64_product} {ergonomic}
     bool UseG1GC                                  = true                                      {product} {ergonomic}
     bool UseLargePagesIndividualAllocation        = false                                  {pd product} {ergonomic}

Logging:
Log output configuration:
 #0: stdout all=warning uptime,level,tags foldmultilines=false
 #1: stderr all=off uptime,level,tags foldmultilines=false

Environment Variables:
JAVA_HOME=C:\Program Files\Java\jdk-17
PATH=C:\Program Files (x86)\VMware\VMware Workstation\bin\;C:\Program Files\Common Files\Oracle\Java\javapath;D:\Program Files\Python\Scripts\;D:\Program Files\Python\;C:\Program Files\Microsoft MPI\Bin\;C:\Program Files\Microsoft\jdk-11.0.12.7-hotspot\bin;C:\WINDOWS\system32;C:\WINDOWS;C:\WINDOWS\System32\Wbem;C:\WINDOWS\System32\WindowsPowerShell\v1.0\;C:\WINDOWS\System32\OpenSSH\;C:\Program Files\dotnet\;C:\Program Files (x86)\Microsoft SQL Server\160\Tools\Binn\;C:\Program Files\Microsoft SQL Server\160\Tools\Binn\;C:\Program Files\Microsoft SQL Server\Client SDK\ODBC\170\Tools\Binn\;C:\Program Files\Microsoft SQL Server\160\DTS\Binn\;C:\Program Files (x86)\Microsoft SQL Server\160\DTS\Binn\;C:\Program Files (x86)\Windows Kits\10\Windows Performance Toolkit\;C:\Program Files (x86)\nodejs\;C:\Program Files\Git\cmd;D:\laptrinhmobie-tool\flutter\bin;C:\xampp\php;C:\ProgramData\ComposerSetup\bin;C:\Program Files\Java\jdk-17\bin;D:\Khanh An\Desktop\cursor\resources\app\bin;C:\wamp64\bin\php\php8.4.0\;C:\Program Files\Amazon\AWSCLIV2\;C:\Program Files\Docker\Docker\resources\bin;C:\Program Files\Microsoft SQL Server\150\Tools\Binn\;C:\Program Files\Microsoft SQL Server\130\DTS\Binn\;C:\Program Files\Microsoft SQL Server\140\DTS\Binn\;C:\Program Files\Microsoft SQL Server\150\DTS\Binn\;C:\Program Files\Microsoft SQL Server\170\DTS\Binn\;C:\Users\Khanh An\AppData\Local\Programs\Python\Python312\Scripts\;C:\Users\Khanh An\AppData\Local\Programs\Python\Python312\;C:\Users\Khanh An\AppData\Local\Microsoft\WindowsApps;C:\Users\Khanh An\AppData\Local\spicetify;D:\Program Files\Microsoft VS Code\bin;C:\Users\Khanh An\.dotnet\tools;C:\Users\Khanh An\AppData\Roaming\npm;D:\laptrinhmobie-tool\flutter\bin;C:\Users\Khanh An\AppData\Roaming\Composer\vendor\bin;C:\wamp64\bin\php\php8.4.0\;C:\Program Files\JetBrains\IntelliJ IDEA 2025.3.2\bin
USERNAME=Khanh An
OS=Windows_NT
PROCESSOR_IDENTIFIER=Intel64 Family 6 Model 154 Stepping 3, GenuineIntel
TMP=C:\Users\KHANHA~1\AppData\Local\Temp
TEMP=C:\Users\KHANHA~1\AppData\Local\Temp




Periodic native trim disabled

JNI global refs:
JNI global refs: 33, weak refs: 0

JNI global refs memory usage: 835, weak refs: 833

Process memory usage:
Resident Set Size: 293236K (1% of 20631748K total physical memory with 1404880K free physical memory)

OOME stack traces (most recent first):
Classloader memory used:
Loader org.gradle.internal.classloader.VisitableURLClassLoader                         : 29776K
Loader bootstrap                                                                       : 22507K
Loader org.gradle.initialization.MixInLegacyTypesClassLoader                           : 6633K
Loader jdk.internal.loader.ClassLoaders$PlatformClassLoader                            : 530K
Loader jdk.internal.loader.ClassLoaders$AppClassLoader                                 : 235K
Loader org.gradle.groovy.scripts.internal.DefaultScriptCompilationHandler$ScriptClassLoader: 100976B
Loader org.gradle.internal.classloader.VisitableURLClassLoader                         : 19344B
Loader org.gradle.internal.classloader.VisitableURLClassLoader$InstrumentingVisitableURLClassLoader: 15784B
Loader jdk.internal.reflect.DelegatingClassLoader                                      : 10296B
Loader org.codehaus.groovy.runtime.callsite.CallSiteClassLoader                        : 10112B

Classes loaded by more than one classloader:
Class org.gradle.internal.classloader.FilteringClassLoader                            : loaded 2 times (x 103B)
Class org.gradle.internal.classloader.ClassLoaderHierarchy                            : loaded 2 times (x 68B)
Class org.gradle.api.internal.classpath.ManifestUtil                                  : loaded 2 times (x 69B)
Class org.gradle.internal.classloader.DefaultClassLoaderFactory                       : loaded 2 times (x 80B)
Class org.gradle.internal.classloader.ClassLoaderVisitor                              : loaded 2 times (x 74B)
Class org.gradle.api.internal.classpath.EffectiveClassPath                            : loaded 2 times (x 88B)
Class org.gradle.api.internal.DefaultClassPathProvider                                : loaded 2 times (x 74B)
Class [Lorg.gradle.api.internal.ClassPathProvider;                                    : loaded 2 times (x 67B)
Class org.gradle.api.internal.ClassPathProvider                                       : loaded 2 times (x 68B)
Class org.gradle.internal.service.UnknownServiceException                             : loaded 2 times (x 81B)
Class org.gradle.internal.classpath.TransformedClassPath                              : loaded 2 times (x 94B)
Class org.gradle.internal.classloader.InstrumentingClassLoader                        : loaded 2 times (x 68B)
Class org.gradle.internal.service.ServiceLocator                                      : loaded 2 times (x 68B)
Class org.gradle.internal.InternalTransformer                                         : loaded 2 times (x 68B)
Class org.gradle.internal.classloader.ClasspathUtil$1                                 : loaded 2 times (x 74B)
Class org.gradle.api.internal.classpath.DefaultModuleRegistry$DefaultModule           : loaded 2 times (x 84B)
Class org.gradle.api.internal.classpath.Module                                        : loaded 2 times (x 68B)
Class org.gradle.api.internal.classpath.UnknownModuleException                        : loaded 2 times (x 80B)
Class org.gradle.api.internal.DefaultClassPathRegistry                                : loaded 2 times (x 74B)
Class org.gradle.api.internal.ClassPathRegistry                                       : loaded 2 times (x 68B)
Class org.gradle.internal.classpath.DefaultClassPath$ImmutableUniqueList              : loaded 2 times (x 197B)
Class org.gradle.internal.classpath.ClassPath                                         : loaded 2 times (x 68B)
Class org.gradle.api.UncheckedIOException                                             : loaded 2 times (x 80B)
Class org.gradle.internal.installation.GradleInstallation$1                           : loaded 2 times (x 73B)
Class org.gradle.api.internal.classpath.ModuleRegistry                                : loaded 2 times (x 68B)
Class org.gradle.api.internal.classpath.DefaultModuleRegistry                         : loaded 2 times (x 84B)
Class ijKotlinCoroutineJvmDebugInit1_5g18mj8vkuyy9ienkzin1k5bj$_run_closure1          : loaded 2 times (x 137B)
Class org.gradle.internal.service.ServiceLookupException                              : loaded 2 times (x 80B)
Class org.gradle.internal.classloader.ClassLoaderFactory                              : loaded 2 times (x 68B)
Class org.gradle.internal.service.CachingServiceLocator                               : loaded 2 times (x 80B)
Class ijJvmDebugger1_dby5om874puhznvi5hem4ytwc                                        : loaded 2 times (x 177B)
Class org.gradle.internal.classloader.ClasspathUtil                                   : loaded 2 times (x 69B)
Class org.gradle.api.specs.Spec                                                       : loaded 2 times (x 68B)
Class org.gradle.internal.classloader.VisitableURLClassLoader$InstrumentingVisitableURLClassLoader: loaded 2 times (x 121B)
Class org.gradle.internal.classloader.VisitableURLClassLoader$Spec                    : loaded 2 times (x 72B)
Class org.gradle.internal.classpath.DefaultClassPath                                  : loaded 2 times (x 88B)
Class ijKotlinCoroutineJvmDebugInit1_5g18mj8vkuyy9ienkzin1k5bj                        : loaded 2 times (x 177B)
Class org.gradle.internal.classloader.ClassLoaderSpec                                 : loaded 2 times (x 69B)
Class org.gradle.internal.classloader.VisitableURLClassLoader                         : loaded 2 times (x 115B)
Class org.gradle.internal.Cast                                                        : loaded 2 times (x 69B)
Class org.gradle.api.Action                                                           : loaded 2 times (x 68B)
Class org.gradle.internal.classpath.DefaultClassPath$ImmutableUniqueList$Builder      : loaded 2 times (x 73B)
Class org.gradle.api.GradleException                                                  : loaded 2 times (x 80B)
Class org.gradle.internal.IoActions                                                   : loaded 2 times (x 69B)
Class org.gradle.internal.classloader.SystemClassLoaderSpec                           : loaded 2 times (x 69B)
Class org.gradle.api.internal.classpath.GlobalCacheRootsProvider                      : loaded 2 times (x 68B)
Class org.gradle.internal.installation.CurrentGradleInstallationLocator               : loaded 2 times (x 69B)
Class org.gradle.internal.service.DefaultServiceLocator                               : loaded 2 times (x 81B)
Class org.gradle.internal.installation.CurrentGradleInstallation                      : loaded 2 times (x 71B)
Class org.gradle.util.internal.GUtil                                                  : loaded 2 times (x 69B)
Class ijJvmDebugger1_dby5om874puhznvi5hem4ytwc$_run_closure1                          : loaded 2 times (x 137B)
Class org.gradle.internal.installation.GradleInstallation                             : loaded 2 times (x 73B)

---------------  S Y S T E M  ---------------

OS:
 Windows 11 , 64 bit Build 26100 (10.0.26100.7920)
OS uptime: 5 days 2:37 hours
Hyper-V role detected

CPU: total 16 (initial active 16) (8 cores per cpu, 2 threads per core) family 6 model 154 stepping 3 microcode 0x432, cx8, cmov, fxsr, ht, mmx, 3dnowpref, sse, sse2, sse3, ssse3, sse4.1, sse4.2, popcnt, lzcnt, tsc, tscinvbit, avx, avx2, aes, erms, clmul, bmi1, bmi2, adx, sha, fma, vzeroupper, clflush, clflushopt, clwb, hv, serialize, rdtscp, rdpid, fsrm, f16c, cet_ibt, cet_ss
Processor Information for processor 0
  Max Mhz: 1700, Current Mhz: 1700, Mhz Limit: 1700
Processor Information for processor 1
  Max Mhz: 1700, Current Mhz: 1700, Mhz Limit: 1700
Processor Information for processor 2
  Max Mhz: 1700, Current Mhz: 1457, Mhz Limit: 1700
Processor Information for processor 3
  Max Mhz: 1700, Current Mhz: 1700, Mhz Limit: 1700
Processor Information for processor 4
  Max Mhz: 1700, Current Mhz: 1700, Mhz Limit: 1700
Processor Information for processor 5
  Max Mhz: 1700, Current Mhz: 1457, Mhz Limit: 1700
Processor Information for processor 6
  Max Mhz: 1700, Current Mhz: 1457, Mhz Limit: 1700
Processor Information for processor 7
  Max Mhz: 1700, Current Mhz: 1700, Mhz Limit: 1700
Processor Information for processor 8
  Max Mhz: 1700, Current Mhz: 1200, Mhz Limit: 1190
Processor Information for processor 9
  Max Mhz: 1700, Current Mhz: 1200, Mhz Limit: 1190
Processor Information for processor 10
  Max Mhz: 1700, Current Mhz: 1200, Mhz Limit: 1190
Processor Information for processor 11
  Max Mhz: 1700, Current Mhz: 1200, Mhz Limit: 1190
Processor Information for processor 12
  Max Mhz: 1700, Current Mhz: 1200, Mhz Limit: 1190
Processor Information for processor 13
  Max Mhz: 1700, Current Mhz: 1200, Mhz Limit: 1190
Processor Information for processor 14
  Max Mhz: 1700, Current Mhz: 1200, Mhz Limit: 1190
Processor Information for processor 15
  Max Mhz: 1700, Current Mhz: 1200, Mhz Limit: 1190

Memory: 4k page, system-wide physical 20148M (1366M free)
TotalPageFile size 28340M (AvailPageFile size 34M)
current process WorkingSet (physical memory assigned to process): 288M, peak: 292M
current process commit charge ("private bytes"): 334M, peak: 463M

vm_info: OpenJDK 64-Bit Server VM (21.0.7+-13880790-b1038.58) for windows-amd64 JRE (21.0.7+-13880790-b1038.58), built on 2025-08-04T20:56:21Z by "builder" with MS VC++ 16.10 / 16.11 (VS2019)

END.
